<?xml version="1.0" encoding="UTF-8"?>
<!-- Generated by org.testng.reporters.JUnitXMLReporter -->
<testsuite ignored="2" hostname="Archana" failures="0" tests="2" name="test1 - groups" time="0.076" errors="0" timestamp="2021-07-12T20:23:20 IST">
  <testcase classname="com.NewPackage.TestngGroups" name="fourth" time="0.013"/>
  <testcase classname="com.NewPackage.TestngGroups" name="second" time="0.004"/>
  <testcase classname="com.NewPackage.TestngGroups" name="first" time="0.0">
    <ignored/>
  </testcase> <!-- first -->
  <testcase classname="com.NewPackage.TestngGroups" name="third" time="0.0">
    <ignored/>
  </testcase> <!-- third -->
</testsuite> <!-- test1 - groups -->
